<?xml version="1.0" encoding="UTF-8"?>
<!-- Generated by org.testng.reporters.JUnitReportReporter -->
<testsuite hostname="IBM-PF3HV8D3" failures="0" tests="2" name="demo1.GetText" time="3.097" errors="0" timestamp="2025-01-28T18:40:52 IST" skipped="0">
  <testcase classname="demo1.GetText" name="test1" time="1.842"/>
  <system-out/>
  <testcase classname="demo1.GetText" name="test2" time="1.255"/>
  <system-out/>
</testsuite> <!-- demo1.GetText -->
