<?xml version="1.0" encoding="UTF-8"?>
<!-- Generated by org.testng.reporters.JUnitReportReporter -->
<testsuite hostname="IBM-PF3HV8D3" failures="0" tests="2" name="demo1.POJOClassJSONObjectPayload" time="0.200" errors="0" timestamp="2025-01-29T12:53:19 IST" skipped="0">
  <testcase classname="demo1.POJOClassJSONObjectPayload" name="BadmintonJSONFromPOJOClass" time="0.198"/>
  <system-out/>
  <testcase classname="demo1.POJOClassJSONObjectPayload" name="BadmintonJSONFromPOJOClass" time="0.002"/>
  <system-out/>
</testsuite> <!-- demo1.POJOClassJSONObjectPayload -->
