<?xml version="1.0" encoding="UTF-8"?>
<!-- Generated by org.testng.reporters.JUnitReportReporter -->
<testsuite hostname="IBM-PF3HV8D3" failures="0" tests="1" name="demo1.F1Example" time="1.846" errors="0" timestamp="2025-01-29T11:44:10 IST" skipped="0">
  <testcase classname="demo1.F1Example" name="test_noOfCircuitsUsingResponseSpec" time="1.846"/>
  <system-out/>
</testsuite> <!-- demo1.F1Example -->
