<?xml version="1.0" encoding="UTF-8"?>
<!-- Generated by org.testng.reporters.JUnitReportReporter -->
<testsuite hostname="IBM-PF3HV8D3" failures="0" tests="1" name="demo1.GetTest" time="1.291" errors="0" timestamp="2025-01-28T12:31:00 IST" skipped="0">
  <testcase classname="demo1.GetTest" name="Test1" time="1.291"/>
  <system-out/>
</testsuite> <!-- demo1.GetTest -->
