<?xml version="1.0" encoding="UTF-8"?>
<!-- Generated by org.testng.reporters.JUnitReportReporter -->
<testsuite hostname="IBM-PF3HV8D3" failures="0" tests="1" name="demo1.PostTest" time="2.587" errors="0" timestamp="2025-01-28T18:42:50 IST" skipped="0">
  <testcase classname="demo1.PostTest" name="test1" time="2.587"/>
  <system-out/>
</testsuite> <!-- demo1.PostTest -->
